{"userid":123456789,"level":"info","message":"user signed on successfully","timestamp":"2016-11-28T03:08:52.222Z"}
{"userid":123456789,"level":"info","message":"landed on homepage","timestamp":"2016-11-28T03:08:52.266Z"}
{"userid":123456789,"level":"info","message":"landed on homepage","timestamp":"2016-11-28T03:09:05.398Z"}
{"userid":123456789,"level":"info","message":"user landed on profile page","timestamp":"2016-11-28T03:09:09.269Z"}
{"userid":123456789,"level":"info","message":"user landed on dashboard","timestamp":"2016-11-28T03:09:11.845Z"}
{"userid":123456789,"level":"info","message":"user landed on accounts page","timestamp":"2016-11-28T03:09:14.889Z"}
{"userid":123456789,"level":"info","message":"user landed on profile page","timestamp":"2016-11-28T03:09:16.231Z"}
{"userid":123456789,"level":"info","message":"user landed on accounts page","timestamp":"2016-11-28T03:09:22.433Z"}
{"userid":123456789,"level":"info","message":"user landed on profile page","timestamp":"2016-11-28T03:09:24.359Z"}
{"userid":123456789,"level":"info","message":"user landed on accounts page","timestamp":"2016-11-28T03:09:32.121Z"}
{"userid":123456789,"level":"info","message":"user landed on accounts page","timestamp":"2016-11-28T03:10:32.583Z"}
{"userid":123456789,"level":"info","message":"user landed on accounts page","timestamp":"2016-11-28T03:10:42.843Z"}
{"userid":123456789,"level":"info","message":"user landed on dashboard","timestamp":"2016-11-28T03:10:58.898Z"}
{"userid":123456789,"level":"info","message":"user landed on profile page","timestamp":"2016-11-28T03:11:14.044Z"}
{"userid":123456789,"level":"info","message":"user landed on profile page","timestamp":"2016-11-28T03:12:42.571Z"}
{"userid":123456789,"level":"info","message":"landed on homepage","timestamp":"2016-11-28T03:12:45.745Z"}
{"userid":123456789,"level":"info","message":"landed on property search page","timestamp":"2016-11-28T03:13:18.738Z"}
{"userid":123456789,"level":"info","message":"landed on property search page","timestamp":"2016-11-28T03:13:30.934Z"}
{"userid":123456789,"level":"info","message":"user signed on successfully","timestamp":"2016-11-28T03:31:03.566Z"}
{"userid":123456789,"level":"info","message":"landed on homepage","timestamp":"2016-11-28T03:31:03.610Z"}
{"userid":123456789,"level":"info","message":"landed on property search page","timestamp":"2016-11-28T03:32:17.107Z"}
{"userid":123456789,"level":"info","message":"landed on property search page","timestamp":"2016-11-28T03:32:33.601Z"}
{"userid":123456789,"level":"info","message":"landed on homepage","timestamp":"2016-11-28T03:32:43.489Z"}
{"userid":123456789,"level":"info","message":"landed on homepage","timestamp":"2016-11-28T03:33:07.019Z"}
{"userid":123456789,"level":"info","message":"landed on homepage","timestamp":"2016-11-28T03:33:36.082Z"}
{"userid":123456789,"level":"info","message":"landed on homepage","timestamp":"2016-11-28T03:34:00.333Z"}
{"userid":123456789,"level":"info","message":"landed on property search page","timestamp":"2016-11-28T03:34:24.209Z"}
{"userid":123456789,"level":"info","message":"landed on homepage","timestamp":"2016-11-28T04:05:34.869Z"}
{"userid":123456789,"level":"info","message":"landed on property search page","timestamp":"2016-11-28T04:05:51.640Z"}
{"userid":123456789,"level":"info","message":"landed on property search page","timestamp":"2016-11-28T04:05:59.102Z"}
{"userid":123456789,"level":"info","message":"landed on property search page","timestamp":"2016-11-28T04:10:59.033Z"}
{"userid":123456789,"level":"info","message":"landed on property search page","timestamp":"2016-11-28T04:11:01.074Z"}
{"userid":123456789,"level":"info","message":"landed on property search page","timestamp":"2016-11-28T04:11:03.209Z"}
{"userid":123456796,"level":"info","message":"user signed on successfully","timestamp":"2016-11-28T04:11:18.232Z"}
{"userid":123456796,"level":"info","message":"landed on homepage","timestamp":"2016-11-28T04:11:18.260Z"}
{"userid":123456796,"level":"info","message":"landed on property search page","timestamp":"2016-11-28T04:11:23.000Z"}
{"userid":123456796,"level":"info","message":"user signed on successfully","timestamp":"2016-11-28T04:43:22.759Z"}
{"userid":123456796,"level":"info","message":"landed on homepage","timestamp":"2016-11-28T04:43:22.800Z"}
{"userid":123456796,"level":"info","message":"user landed on profile page","timestamp":"2016-11-28T04:43:28.737Z"}
{"userid":123456796,"level":"info","message":"user updated his photo","timestamp":"2016-11-28T04:43:37.886Z"}
{"userid":123456796,"level":"info","message":"user landed on profile page","timestamp":"2016-11-28T04:43:44.665Z"}
{"userid":123456796,"level":"info","message":"user landed on profile page","timestamp":"2016-11-28T04:43:56.379Z"}
{"userid":123456796,"level":"info","message":"user landed on dashboard","timestamp":"2016-11-28T04:43:59.950Z"}
{"userid":123456796,"level":"info","message":"user landed on accounts page","timestamp":"2016-11-28T04:44:01.407Z"}
{"userid":123456796,"level":"info","message":"user updated his password","timestamp":"2016-11-28T04:44:11.885Z"}
{"userid":123456796,"level":"info","message":"user landed on accounts page","timestamp":"2016-11-28T04:44:58.065Z"}
{"userid":123456796,"level":"info","message":"user signed on successfully","timestamp":"2016-11-28T04:46:18.058Z"}
{"userid":123456796,"level":"info","message":"landed on homepage","timestamp":"2016-11-28T04:46:18.104Z"}
{"level":"info","message":"landed on homepage","timestamp":"2016-11-28T04:46:54.871Z"}
{"level":"info","message":"landed on homepage","timestamp":"2016-11-28T04:46:58.197Z"}
{"userid":123456796,"level":"info","message":"user signed on successfully","timestamp":"2016-11-28T04:47:12.581Z"}
{"userid":123456796,"level":"info","message":"landed on homepage","timestamp":"2016-11-28T04:47:12.622Z"}
{"userid":123456796,"level":"info","message":"user signed out of application","timestamp":"2016-11-28T04:47:15.186Z"}
{"userid":123456796,"level":"info","message":"user signed on successfully","timestamp":"2016-11-28T05:41:56.408Z"}
{"userid":123456796,"level":"info","message":"landed on homepage","timestamp":"2016-11-28T05:41:56.450Z"}
{"userid":123456796,"level":"info","message":"user requested to becomehost ","timestamp":"2016-11-28T05:41:58.890Z"}
{"userid":123456796,"level":"info","message":"landed on homepage","timestamp":"2016-11-28T05:41:58.917Z"}
{"userid":123456796,"level":"info","message":"landed on homepage","timestamp":"2016-11-28T05:42:43.851Z"}
{"userid":123456796,"level":"info","message":"user landed on profile page","timestamp":"2016-11-28T05:43:10.076Z"}
{"userid":123456796,"level":"info","message":"user signed on successfully","timestamp":"2016-11-28T05:44:13.097Z"}
{"userid":123456796,"level":"info","message":"landed on homepage","timestamp":"2016-11-28T05:44:13.123Z"}
{"userid":123456796,"level":"info","message":"landed on homepage","timestamp":"2016-11-28T05:46:00.706Z"}
{"userid":123456796,"level":"info","message":"landed on homepage","timestamp":"2016-11-28T05:47:56.527Z"}
{"userid":123456796,"level":"info","message":"landed on homepage","timestamp":"2016-11-28T05:48:39.685Z"}
{"userid":123456796,"level":"info","message":"landed on homepage","timestamp":"2016-11-28T05:55:16.013Z"}
{"userid":123456796,"level":"info","message":"user landed on profile page","timestamp":"2016-11-28T05:56:13.407Z"}
{"userid":123456796,"level":"info","message":"user landed on profile page","timestamp":"2016-11-28T06:08:16.644Z"}
{"userid":123456796,"level":"info","message":"user landed on accounts page","timestamp":"2016-11-28T06:08:18.167Z"}
{"userid":123456796,"level":"info","message":"user landed on accounts page","timestamp":"2016-11-28T06:08:20.566Z"}
{"userid":123456796,"level":"info","message":"user landed on accounts page","timestamp":"2016-11-28T06:09:40.328Z"}
{"userid":123456796,"level":"info","message":"user landed on accounts page","timestamp":"2016-11-28T06:10:45.320Z"}
{"userid":123456796,"level":"info","message":"user landed on accounts page","timestamp":"2016-11-28T06:11:38.342Z"}
{"userid":123456796,"level":"info","message":"user landed on profile page","timestamp":"2016-11-28T06:12:11.789Z"}
{"userid":123456796,"level":"info","message":"user landed on profile page","timestamp":"2016-11-28T06:12:14.176Z"}
{"userid":123456796,"level":"info","message":"user signed on successfully","timestamp":"2016-11-28T06:15:36.965Z"}
{"userid":123456796,"level":"info","message":"landed on homepage","timestamp":"2016-11-28T06:15:36.991Z"}
{"userid":123456796,"level":"info","message":"user signed on successfully","timestamp":"2016-11-28T06:39:43.947Z"}
{"userid":123456796,"level":"info","message":"landed on homepage","timestamp":"2016-11-28T06:39:43.986Z"}
{"userid":123456796,"level":"info","message":"user signed out of application","timestamp":"2016-11-28T06:40:08.337Z"}
{"userid":123456796,"level":"info","message":"user signed on successfully","timestamp":"2016-11-28T08:01:26.930Z"}
{"userid":123456796,"level":"info","message":"landed on homepage","timestamp":"2016-11-28T08:01:26.980Z"}
{"userid":123456796,"level":"info","message":"user landed on profile page","timestamp":"2016-11-28T16:34:43.798Z"}
{"userid":123456796,"level":"info","message":"user signed out of application","timestamp":"2016-11-28T16:34:53.661Z"}
{"level":"info","message":"user signed out of application","timestamp":"2016-11-28T16:34:55.424Z"}
{"userid":123456796,"level":"info","message":"user signed on successfully","timestamp":"2016-11-28T16:35:27.926Z"}
{"userid":123456796,"level":"info","message":"landed on homepage","timestamp":"2016-11-28T16:35:27.958Z"}
{"userid":123456806,"level":"info","message":"user landed on profile page","timestamp":"2016-11-28T18:59:31.421Z"}
{"userid":123456806,"level":"info","message":"user landed on profile page","timestamp":"2016-11-28T18:59:37.558Z"}
{"userid":123456806,"level":"info","message":"user landed on profile page","timestamp":"2016-11-28T18:59:40.608Z"}
{"userid":123456806,"level":"info","message":"user signed out of application","timestamp":"2016-11-28T18:59:42.240Z"}
{"userid":123456796,"level":"info","message":"user signed on successfully","timestamp":"2016-11-28T19:06:58.009Z"}
{"userid":123456796,"level":"info","message":"landed on homepage","timestamp":"2016-11-28T19:06:58.105Z"}
{"userid":123456796,"level":"info","message":"landed on homepage","timestamp":"2016-11-28T19:07:44.924Z"}
{"userid":123456796,"level":"info","message":"landed on homepage","timestamp":"2016-11-28T19:10:14.085Z"}
{"userid":123456796,"level":"info","message":"user landed on profile page","timestamp":"2016-11-28T19:10:26.809Z"}
{"userid":123456796,"level":"info","message":"user landed on dashboard","timestamp":"2016-11-28T19:11:06.963Z"}
{"userid":123456796,"level":"info","message":"user landed on dashboard","timestamp":"2016-11-28T19:13:55.532Z"}
{"userid":123456796,"level":"info","message":"user landed on accounts page","timestamp":"2016-11-28T19:14:05.188Z"}
{"userid":123456796,"level":"info","message":"user landed on accounts page","timestamp":"2016-11-28T19:19:35.134Z"}
{"userid":123456796,"level":"info","message":"user landed on accounts page","timestamp":"2016-11-28T19:21:44.179Z"}
{"userid":123456796,"level":"info","message":"user landed on accounts page","timestamp":"2016-11-28T19:21:45.369Z"}
{"userid":123456796,"level":"info","message":"user landed on accounts page","timestamp":"2016-11-28T19:23:19.725Z"}
{"userid":123456796,"level":"info","message":"user landed on dashboard","timestamp":"2016-11-28T19:23:25.296Z"}
{"userid":123456796,"level":"info","message":"landed on trip page","timestamp":"2016-11-28T19:23:27.639Z"}
{"userid":123456796,"level":"info","message":"landed on trip page","timestamp":"2016-11-28T19:23:37.722Z"}
{"userid":123456796,"level":"info","message":"landed on trip page","timestamp":"2016-11-28T19:23:41.290Z"}
{"userid":123456796,"level":"info","message":"landed on homepage","timestamp":"2016-11-28T19:34:56.980Z"}
{"userid":123456796,"level":"info","message":"landed on trip page","timestamp":"2016-11-28T19:52:13.031Z"}
{"userid":123456796,"level":"info","message":"landed on trip page","timestamp":"2016-11-28T19:52:19.593Z"}
{"userid":123456796,"level":"info","message":"landed on trip page","timestamp":"2016-11-28T19:52:21.429Z"}
{"userid":123456796,"level":"info","message":"user landed on dashboard","timestamp":"2016-11-28T19:52:24.275Z"}
{"userid":123456796,"level":"info","message":"landed on trip page","timestamp":"2016-11-28T19:52:27.727Z"}
{"userid":123456796,"level":"info","message":"landed on trip page","timestamp":"2016-11-28T19:59:18.730Z"}
{"userid":123456796,"level":"info","message":"landed on homepage","timestamp":"2016-11-28T20:17:45.407Z"}
{"userid":123456796,"level":"info","message":"landed on homepage","timestamp":"2016-11-28T20:18:16.018Z"}
{"userid":123456796,"level":"info","message":"landed on property search page","timestamp":"2016-11-28T20:18:33.365Z"}
{"userid":123456796,"level":"info","message":"landed on property search page","timestamp":"2016-11-28T20:18:49.888Z"}
{"userid":123456796,"level":"info","message":"landed on homepage","timestamp":"2016-11-28T20:18:56.412Z"}
{"userid":123456796,"level":"info","message":"landed on homepage","timestamp":"2016-11-28T20:21:06.375Z"}
{"userid":123456796,"level":"info","message":"landed on homepage","timestamp":"2016-11-28T20:21:18.193Z"}
{"userid":123456796,"level":"info","message":"landed on homepage","timestamp":"2016-11-28T20:22:39.220Z"}
{"userid":123456796,"level":"info","message":"landed on homepage","timestamp":"2016-11-28T20:22:45.811Z"}
{"userid":123456796,"level":"info","message":"landed on property search page","timestamp":"2016-11-28T20:22:59.969Z"}
{"userid":123456796,"level":"info","message":"landed on homepage","timestamp":"2016-11-28T20:23:22.312Z"}
{"userid":123456796,"level":"info","message":"landed on property search page","timestamp":"2016-11-28T20:23:31.884Z"}
{"userid":123456796,"level":"info","message":"landed on property search page","timestamp":"2016-11-28T20:23:36.838Z"}
{"userid":123456796,"level":"info","message":"landed on property search page","timestamp":"2016-11-28T20:24:37.327Z"}
{"userid":123456796,"level":"info","message":"landed on property search page","timestamp":"2016-11-28T20:24:42.401Z"}
{"userid":123456796,"level":"info","message":"user requested to becomehost ","timestamp":"2016-11-28T22:21:35.377Z"}
{"userid":123456796,"level":"info","message":"landed on homepage","timestamp":"2016-11-28T22:21:35.426Z"}
{"userid":123456796,"level":"info","message":"user landed on profile page","timestamp":"2016-11-28T22:21:38.152Z"}
{"userid":123456796,"level":"info","message":"user landed on profile page","timestamp":"2016-11-28T22:21:41.287Z"}
{"userid":123456796,"level":"info","message":"user signed out of application","timestamp":"2016-11-28T22:21:44.014Z"}
{"userid":123456796,"level":"info","message":"user signed on successfully","timestamp":"2016-11-28T22:22:03.646Z"}
{"userid":123456796,"level":"info","message":"landed on homepage","timestamp":"2016-11-28T22:22:03.677Z"}
{"userid":123456796,"level":"info","message":"user signed out of application","timestamp":"2016-11-28T22:22:26.879Z"}
{"level":"info","message":"user signed out of application","timestamp":"2016-11-28T22:22:31.246Z"}
{"userid":123456796,"level":"info","message":"user signed on successfully","timestamp":"2016-11-28T22:23:02.774Z"}
{"userid":123456796,"level":"info","message":"landed on homepage","timestamp":"2016-11-28T22:23:02.810Z"}
{"userid":123456796,"level":"info","message":"user signed on successfully","timestamp":"2016-11-28T22:32:26.462Z"}
{"userid":123456796,"level":"info","message":"landed on homepage","timestamp":"2016-11-28T22:32:26.486Z"}
{"userid":123456796,"level":"info","message":"user landed on profile page","timestamp":"2016-11-28T23:27:35.106Z"}
{"userid":123456796,"level":"info","message":"user signed out of application","timestamp":"2016-11-28T23:27:37.812Z"}
{"userid":123456796,"level":"info","message":"user signed on successfully","timestamp":"2016-11-28T23:28:06.639Z"}
{"userid":123456796,"level":"info","message":"landed on homepage","timestamp":"2016-11-28T23:28:06.658Z"}
{"userid":123456796,"level":"info","message":"user signed on successfully","timestamp":"2016-11-29T01:35:37.614Z"}
{"userid":123456796,"level":"info","message":"landed on homepage","timestamp":"2016-11-29T01:35:37.636Z"}
{"userid":123456796,"level":"info","message":"user signed on successfully","timestamp":"2016-11-29T08:54:18.247Z"}
{"userid":123456796,"level":"info","message":"landed on homepage","timestamp":"2016-11-29T08:54:18.422Z"}
{"userid":123456796,"level":"info","message":"landed on homepage","timestamp":"2016-11-29T23:45:46.211Z"}
{"userid":123456796,"level":"info","message":"landed on homepage","timestamp":"2016-11-29T23:46:22.360Z"}
{"userid":123456796,"level":"info","message":"user landed on search page","timestamp":"2016-11-29T23:46:41.989Z"}
{"userid":123456796,"level":"info","message":"landed on homepage","timestamp":"2016-11-29T23:46:47.673Z"}
{"userid":123456796,"level":"info","message":"user landed on search page","timestamp":"2016-11-29T23:46:52.672Z"}
{"userid":123456796,"level":"info","message":"landed on homepage","timestamp":"2016-11-29T23:46:59.028Z"}
{"userid":123456796,"level":"info","message":"user landed on search page","timestamp":"2016-11-29T23:47:06.186Z"}
{"userid":123456796,"level":"info","message":"landed on homepage","timestamp":"2016-11-29T23:47:09.737Z"}
{"userid":123456796,"level":"info","message":"user signed on successfully","timestamp":"2016-11-30T01:58:55.765Z"}
{"userid":123456796,"level":"info","message":"landed on homepage","timestamp":"2016-11-30T01:58:55.834Z"}
{"userid":123456796,"level":"info","message":"user signed on successfully","timestamp":"2016-11-30T06:40:38.249Z"}
{"userid":123456796,"level":"info","message":"landed on homepage","timestamp":"2016-11-30T06:40:38.271Z"}
{"userid":123456796,"level":"info","message":"user signed out of application","timestamp":"2016-11-30T07:28:20.967Z"}
{"userid":123456796,"level":"info","message":"user signed on successfully","timestamp":"2016-11-30T07:29:34.377Z"}
{"userid":123456796,"level":"info","message":"landed on homepage","timestamp":"2016-11-30T07:29:34.419Z"}
{"userid":123456796,"level":"info","message":"landed on homepage","timestamp":"2016-11-30T07:48:05.407Z"}
{"userid":123456796,"level":"info","message":"user landed on profile page","timestamp":"2016-11-30T07:48:08.562Z"}
{"userid":123456796,"level":"info","message":"user landed on accounts page","timestamp":"2016-11-30T07:48:10.159Z"}
{"userid":123456796,"level":"info","message":"user landed on dashboard","timestamp":"2016-11-30T07:48:37.236Z"}
{"userid":123456796,"level":"info","message":"user landed on profile page","timestamp":"2016-11-30T07:49:05.281Z"}
{"userid":123456796,"level":"info","message":"landed on homepage","timestamp":"2016-11-30T07:49:07.315Z"}
{"userid":123456796,"level":"info","message":"landed on homepage","timestamp":"2016-11-30T07:49:41.695Z"}
{"userid":123456796,"level":"info","message":"user signed out of application","timestamp":"2016-11-30T07:49:45.373Z"}
{"level":"info","message":"user signed out of application","timestamp":"2016-11-30T07:50:19.322Z"}
{"level":"info","message":"user signed out of application","timestamp":"2016-11-30T07:52:11.137Z"}
{"userid":123456796,"level":"info","message":"user signed on successfully","timestamp":"2016-11-30T07:52:26.307Z"}
{"userid":123456796,"level":"info","message":"landed on homepage","timestamp":"2016-11-30T07:52:26.330Z"}
{"userid":123456796,"level":"info","message":"user landed on profile page","timestamp":"2016-11-30T07:52:51.254Z"}
{"userid":123456796,"level":"info","message":"landed on homepage","timestamp":"2016-11-30T07:53:13.429Z"}
{"userid":123456796,"level":"info","message":"user landed on search page","timestamp":"2016-11-30T07:53:15.233Z"}
{"userid":123456796,"level":"info","message":"landed on property search page","timestamp":"2016-11-30T07:53:16.521Z"}
{"userid":123456796,"level":"info","message":"landed on property search page","timestamp":"2016-11-30T07:54:19.987Z"}
{"userid":123456796,"level":"info","message":"user signed out of application","timestamp":"2016-11-30T07:55:49.984Z"}
{"userid":123456796,"level":"info","message":"user signed on successfully","timestamp":"2016-11-30T07:56:03.686Z"}
{"userid":123456796,"level":"info","message":"landed on homepage","timestamp":"2016-11-30T07:56:03.708Z"}
{"userid":123456796,"level":"info","message":"user landed on search page","timestamp":"2016-11-30T07:56:08.317Z"}
{"userid":123456796,"level":"info","message":"landed on property search page","timestamp":"2016-11-30T07:56:12.509Z"}
{"userid":123456796,"level":"info","message":"landed on property search page","timestamp":"2016-11-30T07:57:21.290Z"}
{"userid":123456796,"level":"info","message":"user signed out of application","timestamp":"2016-11-30T08:29:16.118Z"}
{"userid":123456796,"level":"info","message":"user signed on successfully","timestamp":"2016-11-30T08:29:27.838Z"}
{"userid":123456796,"level":"info","message":"landed on homepage","timestamp":"2016-11-30T08:29:27.862Z"}
{"userid":123456796,"level":"info","message":"user landed on profile page","timestamp":"2016-11-30T08:44:26.241Z"}
{"userid":123456796,"level":"info","message":"user landed on profile page","timestamp":"2016-11-30T08:44:34.201Z"}
{"userid":123456796,"level":"info","message":"user updated his photo","timestamp":"2016-11-30T08:44:43.707Z"}
{"userid":123456796,"level":"info","message":"landed on homepage","timestamp":"2016-11-30T08:44:56.457Z"}
{"userid":123456796,"level":"info","message":"user landed on search page","timestamp":"2016-11-30T08:44:59.273Z"}
{"userid":123456796,"level":"info","message":"landed on property search page","timestamp":"2016-11-30T08:45:11.046Z"}
{"userid":123456796,"level":"info","message":"landed on homepage","timestamp":"2016-11-30T09:08:00.781Z"}
{"userid":123456796,"level":"info","message":"landed on homepage","timestamp":"2016-11-30T09:08:09.250Z"}
{"userid":123456796,"level":"info","message":"user landed on search page","timestamp":"2016-11-30T18:28:54.955Z"}
{"userid":123456796,"level":"info","message":"landed on property search page","timestamp":"2016-11-30T18:28:56.117Z"}
{"userid":123456796,"level":"info","message":"landed on property search page","timestamp":"2016-11-30T18:30:20.331Z"}
{"userid":123456796,"level":"info","message":"landed on property search page","timestamp":"2016-11-30T18:31:56.186Z"}
{"userid":123456796,"level":"info","message":"landed on property search page","timestamp":"2016-11-30T18:33:03.027Z"}
{"userid":123456796,"level":"info","message":"landed on property search page","timestamp":"2016-11-30T18:33:43.625Z"}
{"userid":123456796,"level":"info","message":"user signed on successfully","timestamp":"2016-12-01T23:04:02.761Z"}
{"userid":123456796,"level":"info","message":"landed on homepage","timestamp":"2016-12-01T23:04:02.783Z"}
{"userid":123456796,"level":"info","message":"user landed on profile page","timestamp":"2016-12-01T23:04:06.583Z"}
